G:\PROGS\MUSIC\SIMPLIFIED MUSIC TOOL\LIBCUE\RELEASE\LIBCUE.PCH
G:\PROGS\MUSIC\SIMPLIFIED MUSIC TOOL\LIBCUE\RELEASE\STDAFX.OBJ
G:\PROGS\MUSIC\SIMPLIFIED MUSIC TOOL\LIBCUE\RELEASE\VC110.PDB
G:\PROGS\MUSIC\SIMPLIFIED MUSIC TOOL\LIBCUE\RELEASE\LIBCUEDLG.OBJ
G:\PROGS\MUSIC\SIMPLIFIED MUSIC TOOL\LIBCUE\RELEASE\LIBCUE.OBJ
G:\PROGS\MUSIC\SIMPLIFIED MUSIC TOOL\RELEASE\LIBCUE.EXE
G:\PROGS\MUSIC\SIMPLIFIED MUSIC TOOL\RELEASE\LIBCUE.PDB
G:\PROGS\MUSIC\SIMPLIFIED MUSIC TOOL\LIBCUE\RELEASE\LIBCUE.RES
G:\Progs\Music\simplified music tool\libcue\Release\libcue.obj
G:\Progs\Music\simplified music tool\libcue\Release\libcueDlg.obj
G:\Progs\Music\simplified music tool\libcue\Release\stdafx.obj
G:\Progs\Music\simplified music tool\libcue\Release\cl.command.1.tlog
G:\Progs\Music\simplified music tool\libcue\Release\CL.read.1.tlog
G:\Progs\Music\simplified music tool\libcue\Release\CL.write.1.tlog
G:\Progs\Music\simplified music tool\libcue\Release\link-cvtres.read.1.tlog
G:\Progs\Music\simplified music tool\libcue\Release\link-cvtres.write.1.tlog
G:\Progs\Music\simplified music tool\libcue\Release\link-mt.read.1.tlog
G:\Progs\Music\simplified music tool\libcue\Release\link-mt.write.1.tlog
G:\Progs\Music\simplified music tool\libcue\Release\link-rc.read.1.tlog
G:\Progs\Music\simplified music tool\libcue\Release\link-rc.write.1.tlog
G:\Progs\Music\simplified music tool\libcue\Release\link.command.1.tlog
G:\Progs\Music\simplified music tool\libcue\Release\link.read.1.tlog
G:\Progs\Music\simplified music tool\libcue\Release\link.write.1.tlog
G:\Progs\Music\simplified music tool\libcue\Release\rc.command.1.tlog
G:\Progs\Music\simplified music tool\libcue\Release\rc.read.1.tlog
G:\Progs\Music\simplified music tool\libcue\Release\rc.write.1.tlog
G:\Progs\Music\simplified music tool\libcue\Release\libcue.res
G:\Progs\Music\simplified music tool\libcue\Release\libcue.pch
G:\Progs\Music\simplified music tool\libcue\Release\vc110.pdb
G:\Progs\Music\simplified music tool\Release\libcue.pdb
G:\Progs\Music\simplified music tool\Release\libcue.exe
