G:\DESKTOP\MUSIC\MUSICPROJECT\LIBTRANS\DEBUG\LIBTRANS.PCH
G:\DESKTOP\MUSIC\MUSICPROJECT\LIBTRANS\DEBUG\STDAFX.OBJ
G:\DESKTOP\MUSIC\MUSICPROJECT\LIBTRANS\DEBUG\VC110.PDB
G:\DESKTOP\MUSIC\MUSICPROJECT\LIBTRANS\DEBUG\DLLMAIN.OBJ
G:\DESKTOP\MUSIC\MUSICPROJECT\LIBTRANS\DEBUG\LIBTRANS.OBJ
G:\Desktop\Music\MusicProject\Debug\libtrans.lib
G:\Desktop\Music\MusicProject\Debug\libtrans.exp
G:\DESKTOP\MUSIC\MUSICPROJECT\DEBUG\LIBTRANS.ILK
G:\DESKTOP\MUSIC\MUSICPROJECT\DEBUG\LIBTRANS.DLL
G:\DESKTOP\MUSIC\MUSICPROJECT\DEBUG\LIBTRANS.PDB
G:\Desktop\Music\MusicProject\libtrans\Debug\dllmain.obj
G:\Desktop\Music\MusicProject\libtrans\Debug\libtrans.obj
G:\Desktop\Music\MusicProject\libtrans\Debug\stdafx.obj
G:\Desktop\Music\MusicProject\libtrans\Debug\cl.command.1.tlog
G:\Desktop\Music\MusicProject\libtrans\Debug\CL.read.1.tlog
G:\Desktop\Music\MusicProject\libtrans\Debug\CL.write.1.tlog
G:\Desktop\Music\MusicProject\libtrans\Debug\libtrans.write.1.tlog
G:\Desktop\Music\MusicProject\libtrans\Debug\link-cvtres.read.1.tlog
G:\Desktop\Music\MusicProject\libtrans\Debug\link-cvtres.write.1.tlog
G:\Desktop\Music\MusicProject\libtrans\Debug\link-rc.read.1.tlog
G:\Desktop\Music\MusicProject\libtrans\Debug\link-rc.write.1.tlog
G:\Desktop\Music\MusicProject\libtrans\Debug\link.command.1.tlog
G:\Desktop\Music\MusicProject\libtrans\Debug\link.read.1.tlog
G:\Desktop\Music\MusicProject\libtrans\Debug\link.write.1.tlog
G:\Desktop\Music\MusicProject\libtrans\Debug\libtrans.pch
G:\Desktop\Music\MusicProject\libtrans\Debug\vc110.idb
G:\Desktop\Music\MusicProject\libtrans\Debug\vc110.pdb
G:\Desktop\Music\MusicProject\Debug\libtrans.pdb
G:\Desktop\Music\MusicProject\Debug\libtrans.dll
G:\Desktop\Music\MusicProject\Debug\libtrans.ilk
