G:\PROGS\MUSIC\SIMPLIFIED MUSIC TOOL\LIBTRANS\RELEASE\LIBTRANS.PCH
G:\PROGS\MUSIC\SIMPLIFIED MUSIC TOOL\LIBTRANS\RELEASE\STDAFX.OBJ
G:\PROGS\MUSIC\SIMPLIFIED MUSIC TOOL\LIBTRANS\RELEASE\VC110.PDB
G:\PROGS\MUSIC\SIMPLIFIED MUSIC TOOL\LIBTRANS\RELEASE\LIBTRANS.OBJ
G:\Progs\Music\simplified music tool\Release\libtrans.lib
G:\Progs\Music\simplified music tool\Release\libtrans.exp
G:\PROGS\MUSIC\SIMPLIFIED MUSIC TOOL\RELEASE\LIBTRANS.EXE
G:\PROGS\MUSIC\SIMPLIFIED MUSIC TOOL\RELEASE\LIBTRANS.PDB
G:\Progs\Music\simplified music tool\libtrans\Release\libtrans.obj
G:\Progs\Music\simplified music tool\libtrans\Release\stdafx.obj
G:\Progs\Music\simplified music tool\libtrans\Release\cl.command.1.tlog
G:\Progs\Music\simplified music tool\libtrans\Release\CL.read.1.tlog
G:\Progs\Music\simplified music tool\libtrans\Release\CL.write.1.tlog
G:\Progs\Music\simplified music tool\libtrans\Release\libtrans.write.1.tlog
G:\Progs\Music\simplified music tool\libtrans\Release\link-cvtres.read.1.tlog
G:\Progs\Music\simplified music tool\libtrans\Release\link-cvtres.write.1.tlog
G:\Progs\Music\simplified music tool\libtrans\Release\link-rc.read.1.tlog
G:\Progs\Music\simplified music tool\libtrans\Release\link-rc.write.1.tlog
G:\Progs\Music\simplified music tool\libtrans\Release\link.command.1.tlog
G:\Progs\Music\simplified music tool\libtrans\Release\link.read.1.tlog
G:\Progs\Music\simplified music tool\libtrans\Release\link.write.1.tlog
G:\Progs\Music\simplified music tool\libtrans\Release\libtrans.pch
G:\Progs\Music\simplified music tool\libtrans\Release\vc110.pdb
G:\Progs\Music\simplified music tool\Release\libtrans.pdb
G:\Progs\Music\simplified music tool\Release\libtrans.exe
